2026-06-15T12:28:43,808 [-] [Start Level: Equinox Container: 70b7ab05-f294-4d45-88a5-112b40969387]  WARN {org.apache.tomcat.util.digester.Digester} Match [Server/Service/Engine/Host/Valve] failed to set property [maxDays] to []
2026-06-15T12:28:47,360 [-] [Framework Event Dispatcher: Equinox Container: 70b7ab05-f294-4d45-88a5-112b40969387]  WARN {org.apache.axis2.description.java2wsdl.DefaultSchemaGenerator} We don't support method overloading. Ignoring [addRemoteServerConfig]
2026-06-15T12:28:47,360 [-] [Framework Event Dispatcher: Equinox Container: 70b7ab05-f294-4d45-88a5-112b40969387]  WARN {org.apache.axis2.description.java2wsdl.DefaultSchemaGenerator} We don't support method overloading. Ignoring [addRemoteServerConfig]
2026-06-15T12:28:47,360 [-] [Framework Event Dispatcher: Equinox Container: 70b7ab05-f294-4d45-88a5-112b40969387]  WARN {org.apache.axis2.description.java2wsdl.DefaultSchemaGenerator} We don't support method overloading. Ignoring [resetRemoteServerConfig]
2026-06-15T12:28:47,360 [-] [Framework Event Dispatcher: Equinox Container: 70b7ab05-f294-4d45-88a5-112b40969387]  WARN {org.apache.axis2.description.java2wsdl.DefaultSchemaGenerator} We don't support method overloading. Ignoring [resetRemoteServerConfig]
2026-06-15T12:28:47,498 [-] [Framework Event Dispatcher: Equinox Container: 70b7ab05-f294-4d45-88a5-112b40969387]  WARN {org.apache.axis2.description.java2wsdl.DefaultSchemaGenerator} We don't support method overloading. Ignoring [searchByAttribute]
2026-06-15T12:28:48,326 [-] [Framework Event Dispatcher: Equinox Container: 70b7ab05-f294-4d45-88a5-112b40969387]  WARN {org.wso2.carbon.identity.application.mgt.internal.ApplicationManagementServiceComponent} Templates directory not found at /home/wso2carbon/wso2am-4.7.0/repository/resources/identity/authntemplates
2026-06-15T12:28:48,539 [-] [Framework Event Dispatcher: Equinox Container: 70b7ab05-f294-4d45-88a5-112b40969387]  WARN {org.wso2.carbon.identity.auth.valve.internal.AuthenticationValveServiceComponent} File invalid_tenant_domain_response.html not found. The default content will be used as the error page content.
2026-06-15T12:28:48,578 [-] [Framework Event Dispatcher: Equinox Container: 70b7ab05-f294-4d45-88a5-112b40969387]  WARN {org.wso2.carbon.identity.auth.service.internal.AuthenticationServiceComponent} 

##################################  ALERT  ##################################
[WARNING]: Internal authentication is utilizing default credentials,
which may expose the environment to potential security risks.
If this is a production environment, change the credentials immediately.
Please refer to the WSO2 security advisory: https://security.docs.wso2.com/en/latest/security-announcements/security-advisories/2023/WSO2-2023-2617/
#############################################################################

2026-06-15T12:28:49,898 [-] [Framework Event Dispatcher: Equinox Container: 70b7ab05-f294-4d45-88a5-112b40969387]  WARN {org.wso2.carbon.identity.event.internal.IdentityEventServiceComponent} Properties for OrganizationCreationHandler is not configured. This event handler will not be activated
2026-06-15T12:28:49,909 [-] [Framework Event Dispatcher: Equinox Container: 70b7ab05-f294-4d45-88a5-112b40969387]  WARN {org.wso2.carbon.identity.application.authentication.framework.internal.FrameworkServiceComponent} OpenJDK Nashorn script engine not found, JsGraphBuilder will not be available
2026-06-15T12:28:49,909 [-] [Framework Event Dispatcher: Equinox Container: 70b7ab05-f294-4d45-88a5-112b40969387]  WARN {org.wso2.carbon.identity.application.authentication.framework.internal.FrameworkServiceComponent} Adaptive authentication is disabled.
2026-06-15T15:11:17,905 [-] [Start Level: Equinox Container: f7d1277a-587d-48f4-af15-10a737b018eb]  WARN {org.apache.tomcat.util.digester.Digester} Match [Server/Service/Engine/Host/Valve] failed to set property [maxDays] to []
2026-06-15T15:11:22,686 [-] [Framework Event Dispatcher: Equinox Container: f7d1277a-587d-48f4-af15-10a737b018eb]  WARN {org.apache.axis2.description.java2wsdl.DefaultSchemaGenerator} We don't support method overloading. Ignoring [addRemoteServerConfig]
2026-06-15T15:11:22,686 [-] [Framework Event Dispatcher: Equinox Container: f7d1277a-587d-48f4-af15-10a737b018eb]  WARN {org.apache.axis2.description.java2wsdl.DefaultSchemaGenerator} We don't support method overloading. Ignoring [addRemoteServerConfig]
2026-06-15T15:11:22,686 [-] [Framework Event Dispatcher: Equinox Container: f7d1277a-587d-48f4-af15-10a737b018eb]  WARN {org.apache.axis2.description.java2wsdl.DefaultSchemaGenerator} We don't support method overloading. Ignoring [resetRemoteServerConfig]
2026-06-15T15:11:22,686 [-] [Framework Event Dispatcher: Equinox Container: f7d1277a-587d-48f4-af15-10a737b018eb]  WARN {org.apache.axis2.description.java2wsdl.DefaultSchemaGenerator} We don't support method overloading. Ignoring [resetRemoteServerConfig]
2026-06-15T15:11:22,818 [-] [Framework Event Dispatcher: Equinox Container: f7d1277a-587d-48f4-af15-10a737b018eb]  WARN {org.apache.axis2.description.java2wsdl.DefaultSchemaGenerator} We don't support method overloading. Ignoring [searchByAttribute]
2026-06-15T15:11:23,372 [-] [Framework Event Dispatcher: Equinox Container: f7d1277a-587d-48f4-af15-10a737b018eb]  WARN {org.wso2.carbon.identity.application.mgt.internal.ApplicationManagementServiceComponent} Templates directory not found at /home/wso2carbon/wso2am-4.7.0/repository/resources/identity/authntemplates
2026-06-15T15:11:23,437 [-] [Framework Event Dispatcher: Equinox Container: f7d1277a-587d-48f4-af15-10a737b018eb]  WARN {org.wso2.carbon.identity.auth.valve.internal.AuthenticationValveServiceComponent} File invalid_tenant_domain_response.html not found. The default content will be used as the error page content.
2026-06-15T15:11:23,448 [-] [Framework Event Dispatcher: Equinox Container: f7d1277a-587d-48f4-af15-10a737b018eb]  WARN {org.wso2.carbon.identity.auth.service.internal.AuthenticationServiceComponent} 

##################################  ALERT  ##################################
[WARNING]: Internal authentication is utilizing default credentials,
which may expose the environment to potential security risks.
If this is a production environment, change the credentials immediately.
Please refer to the WSO2 security advisory: https://security.docs.wso2.com/en/latest/security-announcements/security-advisories/2023/WSO2-2023-2617/
#############################################################################

2026-06-15T15:11:24,377 [-] [Framework Event Dispatcher: Equinox Container: f7d1277a-587d-48f4-af15-10a737b018eb]  WARN {org.wso2.carbon.identity.event.internal.IdentityEventServiceComponent} Properties for OrganizationCreationHandler is not configured. This event handler will not be activated
2026-06-15T15:11:24,383 [-] [Framework Event Dispatcher: Equinox Container: f7d1277a-587d-48f4-af15-10a737b018eb]  WARN {org.wso2.carbon.identity.application.authentication.framework.internal.FrameworkServiceComponent} OpenJDK Nashorn script engine not found, JsGraphBuilder will not be available
2026-06-15T15:11:24,383 [-] [Framework Event Dispatcher: Equinox Container: f7d1277a-587d-48f4-af15-10a737b018eb]  WARN {org.wso2.carbon.identity.application.authentication.framework.internal.FrameworkServiceComponent} Adaptive authentication is disabled.
