2026-06-08T11:04:50,979 [-] [PassThroughMessageProcessor-1]  INFO __SynapseService STATUS = Message dispatched to the main sequence. Invalid URL., RESOURCE = /token, HEALTH CHECK URL = /token
2026-06-08T11:07:45,541 [-] [PassThroughMessageProcessor-2]  INFO __SynapseService STATUS = Message dispatched to the main sequence. Invalid URL., RESOURCE = /token, HEALTH CHECK URL = /token
2026-06-08T11:08:15,159 [-] [PassThroughMessageProcessor-3]  INFO __SynapseService STATUS = Message dispatched to the main sequence. Invalid URL., RESOURCE = /token, HEALTH CHECK URL = /token
2026-06-08T11:10:21,937 [-] [PassThroughMessageProcessor-4]  INFO __SynapseService STATUS = Message dispatched to the main sequence. Invalid URL., RESOURCE = /oauth2/token, HEALTH CHECK URL = /oauth2/token
2026-06-08T11:11:27,427 [-] [PassThroughMessageProcessor-5]  INFO __SynapseService STATUS = Message dispatched to the main sequence. Invalid URL., RESOURCE = /oauth2/token, HEALTH CHECK URL = /oauth2/token
2026-06-08T16:34:51,088 [-] [PassThroughMessageProcessor-7]  INFO __SynapseService STATUS = Message dispatched to the main sequence. Invalid URL., RESOURCE = /school-service-api/v1/api/classes, HEALTH CHECK URL = /school-service-api/v1/api/classes
2026-06-08T16:34:51,088 [-] [PassThroughMessageProcessor-6]  INFO __SynapseService STATUS = Message dispatched to the main sequence. Invalid URL., RESOURCE = /school-service-api/v1/api/filieres, HEALTH CHECK URL = /school-service-api/v1/api/filieres
2026-06-08T16:34:51,095 [-] [PassThroughMessageProcessor-9]  INFO __SynapseService STATUS = Message dispatched to the main sequence. Invalid URL., RESOURCE = /school-service-api/v1/api/classes, HEALTH CHECK URL = /school-service-api/v1/api/classes
2026-06-08T16:34:51,095 [-] [PassThroughMessageProcessor-8]  INFO __SynapseService STATUS = Message dispatched to the main sequence. Invalid URL., RESOURCE = /school-service-api/v1/api/filieres, HEALTH CHECK URL = /school-service-api/v1/api/filieres
2026-06-08T16:34:53,311 [-] [PassThroughMessageProcessor-11]  INFO __SynapseService STATUS = Message dispatched to the main sequence. Invalid URL., RESOURCE = /etudiant-service-api/v1/api/etudiants, HEALTH CHECK URL = /etudiant-service-api/v1/api/etudiants
2026-06-08T16:34:53,311 [-] [PassThroughMessageProcessor-10]  INFO __SynapseService STATUS = Message dispatched to the main sequence. Invalid URL., RESOURCE = /etudiant-service-api/v1/api/etudiants, HEALTH CHECK URL = /etudiant-service-api/v1/api/etudiants
2026-06-08T16:35:03,282 [-] [PassThroughMessageProcessor-13]  INFO __SynapseService STATUS = Message dispatched to the main sequence. Invalid URL., RESOURCE = /school-service-api/v1/api/classes, HEALTH CHECK URL = /school-service-api/v1/api/classes
2026-06-08T16:35:03,282 [-] [PassThroughMessageProcessor-12]  INFO __SynapseService STATUS = Message dispatched to the main sequence. Invalid URL., RESOURCE = /etudiant-service-api/v1/api/etudiants, HEALTH CHECK URL = /etudiant-service-api/v1/api/etudiants
2026-06-08T16:35:03,291 [-] [PassThroughMessageProcessor-14]  INFO __SynapseService STATUS = Message dispatched to the main sequence. Invalid URL., RESOURCE = /school-service-api/v1/api/classes, HEALTH CHECK URL = /school-service-api/v1/api/classes
2026-06-08T16:35:03,291 [-] [PassThroughMessageProcessor-15]  INFO __SynapseService STATUS = Message dispatched to the main sequence. Invalid URL., RESOURCE = /etudiant-service-api/v1/api/etudiants, HEALTH CHECK URL = /etudiant-service-api/v1/api/etudiants
2026-06-08T16:36:00,275 [-] [PassThroughMessageProcessor-17]  INFO __SynapseService STATUS = Message dispatched to the main sequence. Invalid URL., RESOURCE = /etudiant-service-api/v1/api/etudiants, HEALTH CHECK URL = /etudiant-service-api/v1/api/etudiants
2026-06-08T16:36:00,275 [-] [PassThroughMessageProcessor-16]  INFO __SynapseService STATUS = Message dispatched to the main sequence. Invalid URL., RESOURCE = /school-service-api/v1/api/classes, HEALTH CHECK URL = /school-service-api/v1/api/classes
2026-06-08T16:36:00,284 [-] [PassThroughMessageProcessor-18]  INFO __SynapseService STATUS = Message dispatched to the main sequence. Invalid URL., RESOURCE = /school-service-api/v1/api/classes, HEALTH CHECK URL = /school-service-api/v1/api/classes
2026-06-08T16:36:00,284 [-] [PassThroughMessageProcessor-19]  INFO __SynapseService STATUS = Message dispatched to the main sequence. Invalid URL., RESOURCE = /etudiant-service-api/v1/api/etudiants, HEALTH CHECK URL = /etudiant-service-api/v1/api/etudiants
2026-06-09T08:45:11,247 [-] [PassThroughMessageProcessor-47]  INFO __SynapseService STATUS = Message dispatched to the main sequence. Invalid URL., RESOURCE = /oauth2/token, HEALTH CHECK URL = /oauth2/token
2026-06-09T08:48:39,125 [-] [PassThroughMessageProcessor-48]  INFO __SynapseService STATUS = Message dispatched to the main sequence. Invalid URL., RESOURCE = /oauth2/token, HEALTH CHECK URL = /oauth2/token
2026-06-09T09:10:52,793 [-] [PassThroughMessageProcessor-65]  INFO __SynapseService STATUS = Message dispatched to the main sequence. Invalid URL., RESOURCE = /anneeA-academique-service-api/v1/api/academic-years, HEALTH CHECK URL = /anneeA-academique-service-api/v1/api/academic-years
2026-06-09T09:10:52,802 [-] [PassThroughMessageProcessor-66]  INFO __SynapseService STATUS = Message dispatched to the main sequence. Invalid URL., RESOURCE = /anneeA-academique-service-api/v1/api/academic-years, HEALTH CHECK URL = /anneeA-academique-service-api/v1/api/academic-years
2026-06-09T09:11:01,282 [-] [PassThroughMessageProcessor-67]  INFO __SynapseService STATUS = Message dispatched to the main sequence. Invalid URL., RESOURCE = /anneeA-academique-service-api/v1/api/academic-years, HEALTH CHECK URL = /anneeA-academique-service-api/v1/api/academic-years
2026-06-09T09:11:01,292 [-] [PassThroughMessageProcessor-68]  INFO __SynapseService STATUS = Message dispatched to the main sequence. Invalid URL., RESOURCE = /anneeA-academique-service-api/v1/api/academic-years, HEALTH CHECK URL = /anneeA-academique-service-api/v1/api/academic-years
2026-06-09T09:11:32,520 [-] [PassThroughMessageProcessor-69]  INFO __SynapseService STATUS = Message dispatched to the main sequence. Invalid URL., RESOURCE = /anneeA-academique-service-api/v1/api/academic-years, HEALTH CHECK URL = /anneeA-academique-service-api/v1/api/academic-years
2026-06-09T09:29:33,130 [-] [PassThroughMessageProcessor-80]  INFO __SynapseService STATUS = Message dispatched to the main sequence. Invalid URL., RESOURCE = /anneeA-academique-service-api/v1/api/academic-years, HEALTH CHECK URL = /anneeA-academique-service-api/v1/api/academic-years
2026-06-09T09:29:33,149 [-] [PassThroughMessageProcessor-81]  INFO __SynapseService STATUS = Message dispatched to the main sequence. Invalid URL., RESOURCE = /anneeA-academique-service-api/v1/api/academic-years, HEALTH CHECK URL = /anneeA-academique-service-api/v1/api/academic-years
2026-06-09T09:40:27,781 [-] [PassThroughMessageProcessor-88]  INFO __SynapseService STATUS = Message dispatched to the main sequence. Invalid URL., RESOURCE = /token, HEALTH CHECK URL = /token
